<?xml version="1.0" encoding="UTF-8"?>
<!-- Generated by org.testng.reporters.JUnitReportReporter -->
<testsuite hostname="ShruthiManjesh" failures="0" tests="10" name="testcases.ScreenshotTest" time="338.582" errors="0" timestamp="2024-02-27T17:04:38 IST" skipped="0">
  <testcase classname="testcases.ScreenshotTest" name="screenShotWithDiffResolutionTest3" time="26.677"/>
  <system-out/>
  <testcase classname="testcases.ScreenshotTest" name="screenShotWithDiffResolutionTest2" time="32.896"/>
  <system-out/>
  <testcase classname="testcases.ScreenshotTest" name="screenShotWithDiffResolutionTest1" time="48.551"/>
  <system-out/>
  <testcase classname="testcases.ScreenshotTest" name="screenShotWithDiffResolutionTest1" time="30.961"/>
  <system-out/>
  <testcase classname="testcases.ScreenshotTest" name="screenShotWithDiffResolutionTest3" time="38.551"/>
  <system-out/>
  <testcase classname="testcases.ScreenshotTest" name="screenShotWithDiffResolutionTest4" time="27.015"/>
  <system-out/>
  <testcase classname="testcases.ScreenshotTest" name="screenShotWithDiffResolutionTest4" time="37.536"/>
  <system-out/>
  <testcase classname="testcases.ScreenshotTest" name="screenShotWithDiffResolutionTest5" time="34.860"/>
  <system-out/>
  <testcase classname="testcases.ScreenshotTest" name="screenShotWithDiffResolutionTest5" time="22.808"/>
  <system-out/>
  <testcase classname="testcases.ScreenshotTest" name="screenShotWithDiffResolutionTest2" time="38.727"/>
  <system-out/>
</testsuite> <!-- testcases.ScreenshotTest -->
